shoppingcaremodule/build/intermediates/manifest_merge_blame_file/debug/manifest-merger-blame-debug-report.txt
1<?xml version="1.0" encoding="utf-8"?>
2<manifest xmlns:android="http://schemas.android.com/apk/res/android"
3    package="com.example.shoppingcaremodule"
4    android:versionCode="1"
5    android:versionName="1.0" >
6
7    <uses-sdk
8        android:minSdkVersion="24"
8-->shoppingcaremodule\calces\AndroidManifest.xml
9        android:targetSdkVersion="30" />
9-->shoppingcaremodule\calces\AndroidManifest.xml
10
11    <application
11-->shoppingcaremodule\calces\AndroidManifest.xml:2:3-9:17
12        android:allowBackup="true"
12-->shoppingcaremodule\calces\AndroidManifest.xml:2:51-77
13        android:appComponentFactory="androidx.core.app.CoreComponentFactory"
13-->[androidx.core:core:1.3.1] AndroidManifest.xml:24:18-86
14        android:debuggable="true"
15        android:extractNativeLibs="false"
16        android:icon="@mipmap/ic_launcher"
16-->shoppingcaremodule\calces\AndroidManifest.xml:2:16-50
17        android:label="@string/app_name"
17-->shoppingcaremodule\calces\AndroidManifest.xml:2:143-175
18        android:roundIcon="@mipmap/ic_launcher_round"
18-->shoppingcaremodule\calces\AndroidManifest.xml:2:176-221
19        android:supportsRtl="true"
19-->shoppingcaremodule\calces\AndroidManifest.xml:2:78-104
20        android:testOnly="true"
21        android:theme="@style/Theme.S1DirSir" >
21-->shoppingcaremodule\calces\AndroidManifest.xml:2:105-142
22        <activity android:name="com.example.shoppingcaremodule.MainActivity" >
22-->shoppingcaremodule\calces\AndroidManifest.xml:3:5-8:16
22-->shoppingcaremodule\calces\AndroidManifest.xml:3:15-43
23            <intent-filter>
23-->shoppingcaremodule\calces\AndroidManifest.xml:4:7-7:23
24                <action android:name="android.intent.action.MAIN" />
24-->shoppingcaremodule\calces\AndroidManifest.xml:5:9-60
24-->shoppingcaremodule\calces\AndroidManifest.xml:5:17-58
25
26                <category android:name="android.intent.category.LAUNCHER" />
26-->shoppingcaremodule\calces\AndroidManifest.xml:6:9-68
26-->shoppingcaremodule\calces\AndroidManifest.xml:6:19-66
27            </intent-filter>
28        </activity>
29    </application>
30
31</manifest>